\BOOKMARK [0][-]{chapter.1}{\376\377\000I\000n\000t\000r\000o\000d\000u\000c\000t\000i\000o\000n\000\040\000a\000n\000d\000\040\000R\000e\000l\000a\000t\000e\000d\000\040\000W\000o\000r\000k}{}% 1
\BOOKMARK [0][-]{chapter.2}{\376\377\000T\000h\000e\000o\000r\000y}{}% 2
\BOOKMARK [1][-]{section.2.1}{\376\377\000G\000a\000u\000s\000s\000i\000a\000n\000\040\000P\000r\000o\000c\000e\000s\000s}{chapter.2}% 3
\BOOKMARK [2][-]{subsection.2.1.1}{\376\377\000L\000i\000n\000e\000a\000r\000\040\000R\000e\000g\000r\000e\000s\000s\000i\000o\000n\000\040\000a\000n\000d\000\040\000L\000i\000n\000e\000a\000r\000\040\000B\000a\000s\000i\000s\000\040\000F\000u\000n\000c\000t\000i\000o\000n\000\040\000M\000o\000d\000e\000l}{section.2.1}% 4
\BOOKMARK [2][-]{subsection.2.1.2}{\376\377\000G\000a\000u\000s\000s\000i\000a\000n\000\040\000P\000r\000o\000c\000e\000s\000s\000\040\000f\000o\000r\000\040\000R\000e\000g\000r\000e\000s\000s\000i\000o\000n}{section.2.1}% 5
\BOOKMARK [2][-]{subsection.2.1.3}{\376\377\000L\000e\000a\000r\000n\000i\000n\000g\000\040\000t\000h\000e\000\040\000H\000y\000p\000e\000r\000p\000a\000r\000a\000m\000e\000t\000e\000r\000s\000\040\000i\000n\000\040\000G\000a\000u\000s\000s\000i\000a\000n\000\040\000P\000r\000o\000c\000e\000s\000s\000\040\000f\000o\000r\000\040\000R\000e\000g\000r\000e\000s\000s\000i\000o\000n}{section.2.1}% 6
\BOOKMARK [1][-]{section.2.2}{\376\377\000C\000o\000v\000a\000r\000i\000a\000n\000c\000e\000\040\000F\000u\000n\000c\000t\000i\000o\000n\000s}{chapter.2}% 7
\BOOKMARK [2][-]{subsection.2.2.1}{\376\377\000P\000r\000e\000l\000i\000m\000i\000n\000a\000r\000i\000e\000s}{section.2.2}% 8
\BOOKMARK [2][-]{subsection.2.2.2}{\376\377\000E\000x\000a\000m\000p\000l\000e\000s\000\040\000o\000f\000\040\000C\000o\000v\000a\000r\000i\000a\000n\000c\000e\000\040\000F\000u\000n\000c\000t\000i\000o\000n\000s}{section.2.2}% 9
\BOOKMARK [1][-]{section.2.3}{\376\377\000S\000p\000a\000r\000s\000e\000\040\000A\000p\000p\000r\000o\000x\000i\000m\000a\000t\000i\000o\000n\000\040\000o\000f\000\040\000G\000a\000u\000s\000s\000i\000a\000n\000\040\000P\000r\000o\000c\000e\000s\000s}{chapter.2}% 10
\BOOKMARK [2][-]{subsection.2.3.1}{\376\377\000S\000p\000a\000r\000s\000e\000\040\000I\000n\000p\000u\000t\000\040\000G\000a\000u\000s\000s\000i\000a\000n\000\040\000P\000r\000o\000c\000e\000s\000s\000\040\000\050\000S\000P\000G\000P\000\051}{section.2.3}% 11
\BOOKMARK [2][-]{subsection.2.3.2}{\376\377\000S\000p\000a\000r\000s\000e\000\040\000I\000n\000p\000u\000t\000\040\000G\000a\000u\000s\000s\000i\000a\000n\000\040\000P\000r\000o\000c\000e\000s\000s\000\040\000w\000i\000t\000h\000\040\000V\000a\000r\000i\000a\000b\000l\000e\000\040\000N\000o\000i\000s\000e\000\040\000\050\000S\000P\000G\000P\000+\000H\000S\000\051}{section.2.3}% 12
\BOOKMARK [2][-]{subsection.2.3.3}{\376\377\000S\000p\000a\000r\000s\000e\000\040\000I\000n\000p\000u\000t\000\040\000G\000a\000u\000s\000s\000i\000a\000n\000\040\000P\000r\000o\000c\000e\000s\000s\000\040\000w\000i\000t\000h\000\040\000F\000u\000n\000c\000t\000i\000o\000n\000a\000l\000\040\000V\000a\000r\000i\000a\000b\000l\000e\000\040\000N\000o\000i\000s\000e\000\040\000\050\000S\000P\000G\000P\000+\000F\000U\000N\000C\000-\000H\000S\000\051}{section.2.3}% 13
\BOOKMARK [1][-]{section.2.4}{\376\377\000P\000o\000i\000s\000s\000o\000n\000\040\000P\000r\000o\000c\000e\000s\000s\000e\000s}{chapter.2}% 14
\BOOKMARK [1][-]{section.2.5}{\376\377\000C\000l\000u\000s\000t\000e\000r\000i\000n\000g\000\040\000T\000i\000m\000e\000\040\000S\000e\000r\000i\000e\000s\000\040\000o\000f\000\040\000U\000s\000e\000r\000\040\000B\000e\000h\000a\000v\000i\000o\000r}{chapter.2}% 15
\BOOKMARK [2][-]{subsection.2.5.1}{\376\377\000P\000r\000o\000b\000l\000e\000m\000\040\000D\000e\000f\000i\000n\000i\000t\000i\000o\000n}{section.2.5}% 16
\BOOKMARK [2][-]{subsection.2.5.2}{\376\377\000D\000y\000n\000a\000m\000i\000c\000\040\000P\000i\000e\000c\000e\000w\000i\000s\000e\000\040\000T\000i\000m\000e\000\040\000S\000e\000r\000i\000e\000s\000\040\000S\000i\000m\000i\000l\000a\000r\000i\000t\000y\000\040\000M\000e\000a\000s\000u\000r\000e}{section.2.5}% 17
\BOOKMARK [2][-]{subsection.2.5.3}{\376\377\000K\000-\000P\000i\000e\000c\000e\000\040\000W\000i\000s\000e\000\040\000S\000p\000e\000c\000t\000r\000a\000l\000\040\000C\000e\000n\000t\000r\000o\000i\000d}{section.2.5}% 18
\BOOKMARK [0][-]{chapter.3}{\376\377\000C\000o\000a\000r\000s\000e\000\040\000G\000r\000a\000i\000n\000e\000d\000\040\000A\000n\000a\000l\000y\000s\000i\000s\000\040\000o\000f\000\040\000P\000o\000p\000u\000l\000a\000t\000i\000o\000n}{}% 19
\BOOKMARK [1][-]{section.3.1}{\376\377\000E\000x\000p\000e\000r\000i\000m\000e\000n\000t\000a\000l\000\040\000S\000e\000t\000u\000p}{chapter.3}% 20
\BOOKMARK [1][-]{section.3.2}{\376\377\000R\000e\000s\000u\000l\000t\000s}{chapter.3}% 21
\BOOKMARK [1][-]{section.3.3}{\376\377\000A\000n\000a\000l\000y\000s\000i\000s\000\040\000o\000f\000\040\000t\000h\000e\000\040\000L\000e\000a\000r\000n\000e\000d\000\040\000K\000e\000r\000n\000e\000l\000s\000\040\000P\000a\000r\000a\000m\000e\000t\000e\000r\000s}{chapter.3}% 22
\BOOKMARK [0][-]{chapter.4}{\376\377\000F\000i\000n\000e\000\040\000G\000r\000a\000i\000n\000e\000d\000\040\000A\000n\000a\000l\000y\000s\000i\000s\000\040\000o\000f\000\040\000P\000o\000p\000u\000l\000a\000t\000i\000o\000n}{}% 23
\BOOKMARK [1][-]{section.4.1}{\376\377\000U\000s\000e\000r\000\040\000B\000e\000h\000a\000v\000i\000o\000r\000\040\000M\000o\000d\000e\000l\000s\000\040\000R\000e\000s\000u\000l\000t\000s}{chapter.4}% 24
\BOOKMARK [1][-]{section.4.2}{\376\377\000C\000o\000m\000m\000o\000n\000\040\000P\000a\000t\000t\000e\000r\000n\000s\000\040\000i\000n\000\040\000t\000h\000e\000\040\000U\000s\000e\000r\000s\000\040\000B\000e\000h\000a\000v\000i\000o\000r}{chapter.4}% 25
\BOOKMARK [0][-]{chapter.5}{\376\377\000C\000o\000n\000c\000l\000u\000s\000i\000o\000n\000\040\000a\000n\000d\000\040\000F\000e\000a\000t\000u\000r\000e\000\040\000W\000o\000r\000k}{}% 26
\BOOKMARK [0][-]{appendix.A}{\376\377\000M\000a\000t\000h\000e\000m\000a\000t\000i\000c\000a\000l\000\040\000B\000a\000c\000k\000g\000r\000o\000u\000n\000d}{}% 27
\BOOKMARK [1][-]{section.A.1}{\376\377\000M\000a\000t\000r\000i\000x\000\040\000P\000r\000o\000p\000e\000r\000t\000i\000e\000s}{appendix.A}% 28
\BOOKMARK [1][-]{section.A.2}{\376\377\000G\000a\000u\000s\000s\000i\000a\000n\000\040\000D\000i\000s\000t\000r\000i\000b\000u\000t\000i\000o\000n}{appendix.A}% 29
\BOOKMARK [0][-]{appendix.B}{\376\377\000G\000a\000u\000s\000s\000i\000a\000n\000\040\000P\000r\000o\000c\000e\000s\000s\000\040\000D\000e\000r\000i\000v\000a\000t\000i\000o\000n\000s}{}% 30
\BOOKMARK [1][-]{section.B.1}{\376\377\000D\000e\000r\000i\000v\000a\000t\000i\000o\000n\000\040\000o\000f\000\040\000t\000h\000e\000\040\000S\000p\000a\000r\000s\000e\000\040\000I\000n\000p\000u\000t\000\040\000G\000a\000u\000s\000s\000i\000a\000n\000\040\000P\000r\000o\000c\000e\000s\000s\000\040\000w\000i\000t\000h\000\040\000F\000u\000n\000c\000t\000i\000o\000n\000a\000l\000\040\000V\000a\000r\000i\000a\000b\000l\000e\000\040\000N\000o\000i\000s\000e}{appendix.B}% 31
\BOOKMARK [1][-]{section.B.2}{\376\377\000G\000r\000a\000d\000i\000e\000n\000t\000\040\000C\000a\000l\000c\000u\000l\000a\000t\000i\000o\000n\000\040\000o\000f\000\040\000t\000h\000e\000\040\000N\000e\000g\000a\000t\000i\000v\000e\000\040\000L\000o\000g\000\040\000M\000a\000r\000g\000i\000n\000a\000l\000\040\000L\000i\000k\000e\000l\000i\000h\000o\000o\000d\000\040\000o\000f\000\040\000t\000h\000e\000\040\000S\000p\000a\000r\000s\000e\000\040\000I\000n\000p\000u\000t\000\040\000G\000a\000u\000s\000s\000i\000a\000n\000\040\000P\000r\000o\000c\000e\000s\000s\000\040\000w\000i\000t\000h\000\040\000F\000u\000n\000c\000t\000i\000o\000n\000a\000l\000\040\000V\000a\000r\000i\000a\000b\000l\000e\000\040\000N\000o\000i\000s\000e}{appendix.B}% 32
\BOOKMARK [1][-]{section.B.3}{\376\377\000K\000e\000r\000n\000e\000l\000s\000\040\000D\000e\000r\000i\000v\000a\000t\000i\000v\000e\000s}{appendix.B}% 33
\BOOKMARK [0][-]{appendix.C}{\376\377\000F\000i\000n\000e\000\040\000G\000r\000a\000i\000n\000e\000d\000\040\000A\000n\000a\000l\000y\000s\000i\000s\000\040\000C\000l\000u\000s\000t\000e\000r\000s}{}% 34
